<?xml version="1.0" encoding="UTF-8"?>
<testsuite xmlns:xsi="http://www.w3.org/2001/XMLSchema-instance" xsi:noNamespaceSchemaLocation="https://maven.apache.org/surefire/maven-surefire-plugin/xsd/surefire-test-report.xsd" name="unam.ciencias.computoconcurrente.PrimeNumberCalculatorTest" time="0.048" tests="11" errors="0" skipped="0" failures="0">
  <properties>
[...]
</properties>
  <testcase name="isPrimeSequentialBigNumber" classname="unam.ciencias.computoconcurrente.PrimeNumberCalculatorTest" time="0.021"/>
  <testcase name="isNotPrimeSequentialBigNumber" classname="unam.ciencias.computoconcurrente.PrimeNumberCalculatorTest" time="0.001"/>
  <testcase name="isPrimeConcurrentBigNumber" classname="unam.ciencias.computoconcurrente.PrimeNumberCalculatorTest" time="0.001"/>
  <testcase name="isPrimeConcurrent" classname="unam.ciencias.computoconcurrente.PrimeNumberCalculatorTest" time="0.001"/>
  <testcase name="isNotPrimeConcurrent" classname="unam.ciencias.computoconcurrente.PrimeNumberCalculatorTest" time="0.001"/>
  <testcase name="oneIsNotPrime" classname="unam.ciencias.computoconcurrente.PrimeNumberCalculatorTest" time="0"/>
  <testcase name="isNotPrimeConcurrentBigNumber" classname="unam.ciencias.computoconcurrente.PrimeNumberCalculatorTest" time="0.001"/>
  <testcase name="isPrimeSequential" classname="unam.ciencias.computoconcurrente.PrimeNumberCalculatorTest" time="0"/>
  <testcase name="zeroIsNotPrime" classname="unam.ciencias.computoconcurrente.PrimeNumberCalculatorTest" time="0.001"/>
  <testcase name="isNotPrimeSequential" classname="unam.ciencias.computoconcurrente.PrimeNumberCalculatorTest" time="0.001"/>
  <testcase name="negativeIsPrime" classname="unam.ciencias.computoconcurrente.PrimeNumberCalculatorTest" time="0"/>
</testsuite>